[0.028s] Invoking command in '/home/w0x7ce/Desktop/d2lros2/chapt3/cpp_pubsub/build/cpp_pubsub': CONDA_PROMPT_MODIFIER=(base) /usr/bin/cmake --build /home/w0x7ce/Desktop/d2lros2/chapt3/cpp_pubsub/build/cpp_pubsub -- -j4 -l4
[0.048s] -- Found ament_cmake: 1.3.2 (/opt/ros/humble/share/ament_cmake/cmake)
[0.178s] -- Found ament_lint_auto: 0.12.4 (/opt/ros/humble/share/ament_lint_auto/cmake)
[0.223s] Error parsing '/home/w0x7ce/Desktop/d2lros2/chapt3/cpp_pubsub/package.xml':
[0.391s] Traceback (most recent call last):
[0.391s]   File "/opt/ros/humble/share/ament_cmake_core/cmake/core/package_xml_2_cmake.py", line 150, in <module>
[0.391s]     main()
[0.391s]   File "/opt/ros/humble/share/ament_cmake_core/cmake/core/package_xml_2_cmake.py", line 53, in main
[0.391s]     raise e
[0.392s]   File "/opt/ros/humble/share/ament_cmake_core/cmake/core/package_xml_2_cmake.py", line 49, in main
[0.392s]     package = parse_package_string(
[0.392s]   File "/usr/lib/python3/dist-packages/catkin_pkg/package.py", line 639, in parse_package_string
[0.431s]     pkg.description = _get_node_value(_get_node(root, 'description', filename), allow_xml=True, apply_str=False)
[0.432s]   File "/usr/lib/python3/dist-packages/catkin_pkg/package.py", line 800, in _get_node
[0.432s]     raise InvalidPackage('The manifest must contain exactly one "%s" tag' % tagname, filename)
[0.432s] catkin_pkg.package.InvalidPackage: Error(s) in package '/home/w0x7ce/Desktop/d2lros2/chapt3/cpp_pubsub/package.xml':
[0.432s] The manifest must contain exactly one "description" tag
[0.465s] [31mCMake Error at /opt/ros/humble/share/ament_cmake_core/cmake/core/ament_package_xml.cmake:95 (message):
[0.465s]   execute_process(/usr/bin/python3.10
[0.465s]   /opt/ros/humble/share/ament_cmake_core/cmake/core/package_xml_2_cmake.py
[0.465s]   /home/w0x7ce/Desktop/d2lros2/chapt3/cpp_pubsub/package.xml
[0.465s]   /home/w0x7ce/Desktop/d2lros2/chapt3/cpp_pubsub/build/cpp_pubsub/ament_cmake_core/package.cmake)
[0.466s]   returned error code 1
[0.466s] Call Stack (most recent call first):
[0.466s]   /opt/ros/humble/share/ament_cmake_core/cmake/core/ament_package_xml.cmake:49 (_ament_package_xml)
[0.466s]   /opt/ros/humble/share/ament_lint_auto/cmake/ament_lint_auto_find_test_dependencies.cmake:31 (ament_package_xml)
[0.466s]   CMakeLists.txt:23 (ament_lint_auto_find_test_dependencies)
[0.466s] 
[0.466s] [0m
[0.466s] -- Configuring incomplete, errors occurred!
[0.467s] See also "/home/w0x7ce/Desktop/d2lros2/chapt3/cpp_pubsub/build/cpp_pubsub/CMakeFiles/CMakeOutput.log".
[0.468s] gmake: *** [Makefile:226: cmake_check_build_system] Error 1
[0.471s] Invoked command in '/home/w0x7ce/Desktop/d2lros2/chapt3/cpp_pubsub/build/cpp_pubsub' returned '2': CONDA_PROMPT_MODIFIER=(base) /usr/bin/cmake --build /home/w0x7ce/Desktop/d2lros2/chapt3/cpp_pubsub/build/cpp_pubsub -- -j4 -l4
