[0.019s] Invoking command in '/home/w0x7ce/Desktop/d2lros2/chapt3/chapt3_ws/build/example_service_rclcpp': CMAKE_PREFIX_PATH=${CMAKE_PREFIX_PATH}:/opt/ros/humble /usr/bin/cmake --build /home/w0x7ce/Desktop/d2lros2/chapt3/chapt3_ws/build/example_service_rclcpp -- -j4 -l4
[0.040s] -- Found ament_cmake: 1.3.2 (/opt/ros/humble/share/ament_cmake/cmake)
[0.177s] -- Found rclcpp: 16.0.1 (/opt/ros/humble/share/rclcpp/cmake)
[0.206s] -- Found rosidl_generator_c: 3.1.3 (/opt/ros/humble/share/rosidl_generator_c/cmake)
[0.209s] -- Found rosidl_adapter: 3.1.3 (/opt/ros/humble/share/rosidl_adapter/cmake)
[0.215s] -- Found rosidl_generator_cpp: 3.1.3 (/opt/ros/humble/share/rosidl_generator_cpp/cmake)
[0.225s] -- Using all available rosidl_typesupport_c: rosidl_typesupport_fastrtps_c;rosidl_typesupport_introspection_c
[0.240s] -- Using all available rosidl_typesupport_cpp: rosidl_typesupport_fastrtps_cpp;rosidl_typesupport_introspection_cpp
[0.298s] -- Found rmw_implementation_cmake: 6.1.0 (/opt/ros/humble/share/rmw_implementation_cmake/cmake)
[0.299s] -- Found rmw_fastrtps_cpp: 6.2.1 (/opt/ros/humble/share/rmw_fastrtps_cpp/cmake)
[0.405s] -- Using RMW implementation 'rmw_fastrtps_cpp' as default
[0.558s] -- Found example_interfaces: 0.9.3 (/opt/ros/humble/share/example_interfaces/cmake)
[0.694s] -- Found ament_lint_auto: 0.12.4 (/opt/ros/humble/share/ament_lint_auto/cmake)
[0.755s] -- Added test 'cppcheck' to perform static code analysis on C / C++ code
[0.755s] -- Configured cppcheck include dirs: 
[0.755s] -- Configured cppcheck exclude dirs and/or files: 
[0.755s] -- Added test 'lint_cmake' to check CMake code style
[0.756s] -- Added test 'uncrustify' to check C / C++ code style
[0.756s] -- Configured uncrustify additional arguments: 
[0.757s] -- Added test 'xmllint' to check XML markup files
[0.760s] -- Configuring done
[0.772s] -- Generating done
[0.774s] -- Build files have been written to: /home/w0x7ce/Desktop/d2lros2/chapt3/chapt3_ws/build/example_service_rclcpp
[0.795s] [35m[1mConsolidate compiler generated dependencies of target service_client_01[0m
[0.795s] [35m[1mConsolidate compiler generated dependencies of target service_server_01[0m
[0.812s] [ 75%] [32mBuilding CXX object CMakeFiles/service_client_01.dir/src/service_client_01.cpp.o[0m
[0.812s] [ 75%] Built target service_server_01
[1.247s] [01m[K/home/w0x7ce/Desktop/d2lros2/chapt3/chapt3_ws/src/example_service_rclcpp/src/service_client_01.cpp:3:32:[m[K [01;31m[Kerror: [m[Kâ€˜[01m[Krclcpp[m[Kâ€™ has not been declared
[1.247s]     3 | class ServiceClient01 : public [01;31m[Krclcpp[m[K::Node {
[1.247s]       |                                [01;31m[K^~~~~~[m[K
[1.247s] [01m[K/home/w0x7ce/Desktop/d2lros2/chapt3/chapt3_ws/src/example_service_rclcpp/src/service_client_01.cpp:3:40:[m[K [01;31m[Kerror: [m[Kexpected â€˜[01m[K{[m[Kâ€™ before â€˜[01m[KNode[m[Kâ€™
[1.247s]     3 | class ServiceClient01 : public rclcpp::[01;31m[KNode[m[K {
[1.247s]       |                                        [01;31m[K^~~~[m[K
[1.247s] [01m[K/home/w0x7ce/Desktop/d2lros2/chapt3/chapt3_ws/src/example_service_rclcpp/src/service_client_01.cpp:4:1:[m[K [01;31m[Kerror: [m[Kexpected primary-expression before â€˜[01m[Kpublic[m[Kâ€™
[1.247s]     4 | [01;31m[Kpublic[m[K:
[1.247s]       | [01;31m[K^~~~~~[m[K
[1.247s] [01m[K/home/w0x7ce/Desktop/d2lros2/chapt3/chapt3_ws/src/example_service_rclcpp/src/service_client_01.cpp:4:1:[m[K [01;31m[Kerror: [m[Kexpected â€˜[01m[K}[m[Kâ€™ before â€˜[01m[Kpublic[m[Kâ€™
[1.248s] [01m[K/home/w0x7ce/Desktop/d2lros2/chapt3/chapt3_ws/src/example_service_rclcpp/src/service_client_01.cpp:3:45:[m[K [01;36m[Knote: [m[Kto match this â€˜[01m[K{[m[Kâ€™
[1.248s]     3 | class ServiceClient01 : public rclcpp::Node [01;36m[K{[m[K
[1.248s]       |                                             [01;36m[K^[m[K
[1.248s] [01m[K/home/w0x7ce/Desktop/d2lros2/chapt3/chapt3_ws/src/example_service_rclcpp/src/service_client_01.cpp:[m[K In function â€˜[01m[Kvoid send_request(int, int)[m[Kâ€™:
[1.248s] [01m[K/home/w0x7ce/Desktop/d2lros2/chapt3/chapt3_ws/src/example_service_rclcpp/src/service_client_01.cpp:13:17:[m[K [01;31m[Kerror: [m[Kinvalid use of â€˜[01m[Kthis[m[Kâ€™ in non-member function
[1.248s]    13 |     RCLCPP_INFO([01;31m[Kthis[m[K->get_logger(), "è®¡ç®—%d+%d", a, b);
[1.248s]       |                 [01;31m[K^~~~[m[K
[1.248s] [01m[K/home/w0x7ce/Desktop/d2lros2/chapt3/chapt3_ws/src/example_service_rclcpp/src/service_client_01.cpp:13:5:[m[K [01;31m[Kerror: [m[Kâ€˜[01m[KRCLCPP_INFO[m[Kâ€™ was not declared in this scope
[1.249s]    13 |     [01;31m[KRCLCPP_INFO[m[K(this->get_logger(), "è®¡ç®—%d+%d", a, b);
[1.249s]       |     [01;31m[K^~~~~~~~~~~[m[K
[1.250s] [01m[K/home/w0x7ce/Desktop/d2lros2/chapt3/chapt3_ws/src/example_service_rclcpp/src/service_client_01.cpp:16:13:[m[K [01;31m[Kerror: [m[Kâ€˜[01m[Kclient_[m[Kâ€™ was not declared in this scope
[1.250s]    16 |     while (![01;31m[Kclient_[m[K->wait_for_service(std::chrono::seconds(1))) {
[1.250s]       |             [01;31m[K^~~~~~~[m[K
[1.250s] [01m[K/home/w0x7ce/Desktop/d2lros2/chapt3/chapt3_ws/src/example_service_rclcpp/src/service_client_01.cpp:16:44:[m[K [01;31m[Kerror: [m[Kâ€˜[01m[Kstd::chrono[m[Kâ€™ has not been declared
[1.250s]    16 |     while (!client_->wait_for_service(std::[01;31m[Kchrono[m[K::seconds(1))) {
[1.250s]       |                                            [01;31m[K^~~~~~[m[K
[1.250s] [01m[K/home/w0x7ce/Desktop/d2lros2/chapt3/chapt3_ws/src/example_service_rclcpp/src/service_client_01.cpp:18:12:[m[K [01;31m[Kerror: [m[Kâ€˜[01m[Krclcpp[m[Kâ€™ has not been declared
[1.250s]    18 |       if (![01;31m[Krclcpp[m[K::ok()) {
[1.250s]       |            [01;31m[K^~~~~~[m[K
[1.250s] [01m[K/home/w0x7ce/Desktop/d2lros2/chapt3/chapt3_ws/src/example_service_rclcpp/src/service_client_01.cpp:19:22:[m[K [01;31m[Kerror: [m[Kinvalid use of â€˜[01m[Kthis[m[Kâ€™ in non-member function
[1.251s]    19 |         RCLCPP_ERROR([01;31m[Kthis[m[K->get_logger(), "ç­‰å¾…æœåŠ¡çš„è¿‡ç¨‹ä¸­è¢«æ‰“æ–­...");
[1.251s]       |                      [01;31m[K^~~~[m[K
[1.251s] [01m[K/home/w0x7ce/Desktop/d2lros2/chapt3/chapt3_ws/src/example_service_rclcpp/src/service_client_01.cpp:19:9:[m[K [01;31m[Kerror: [m[Kâ€˜[01m[KRCLCPP_ERROR[m[Kâ€™ was not declared in this scope
[1.252s]    19 |         [01;31m[KRCLCPP_ERROR[m[K(this->get_logger(), "ç­‰å¾…æœåŠ¡çš„è¿‡ç¨‹ä¸­è¢«æ‰“æ–­...");
[1.252s]       |         [01;31m[K^~~~~~~~~~~~[m[K
[1.252s] [01m[K/home/w0x7ce/Desktop/d2lros2/chapt3/chapt3_ws/src/example_service_rclcpp/src/service_client_01.cpp:22:19:[m[K [01;31m[Kerror: [m[Kinvalid use of â€˜[01m[Kthis[m[Kâ€™ in non-member function
[1.252s]    22 |       RCLCPP_INFO([01;31m[Kthis[m[K->get_logger(), "ç­‰å¾…æœåŠ¡ç«¯ä¸Šçº¿ä¸­");
[1.252s]       |                   [01;31m[K^~~~[m[K
[1.255s] [01m[K/home/w0x7ce/Desktop/d2lros2/chapt3/chapt3_ws/src/example_service_rclcpp/src/service_client_01.cpp:32:5:[m[K [01;31m[Kerror: [m[Kâ€˜[01m[Kclient_[m[Kâ€™ was not declared in this scope
[1.255s]    32 |     [01;31m[Kclient_[m[K->async_send_request(
[1.255s]       |     [01;31m[K^~~~~~~[m[K
[1.255s] [01m[K/home/w0x7ce/Desktop/d2lros2/chapt3/chapt3_ws/src/example_service_rclcpp/src/service_client_01.cpp:33:44:[m[K [01;31m[Kerror: [m[Kincomplete type â€˜[01m[KServiceClient01[m[Kâ€™ used in nested name specifier
[1.255s]    33 |       request, std::bind(&ServiceClient01::[01;31m[Kresult_callback_[m[K, this,
[1.255s]       |                                            [01;31m[K^~~~~~~~~~~~~~~~[m[K
[1.255s] [01m[K/home/w0x7ce/Desktop/d2lros2/chapt3/chapt3_ws/src/example_service_rclcpp/src/service_client_01.cpp:33:62:[m[K [01;31m[Kerror: [m[Kinvalid use of â€˜[01m[Kthis[m[Kâ€™ in non-member function
[1.255s]    33 |       request, std::bind(&ServiceClient01::result_callback_, [01;31m[Kthis[m[K,
[1.255s]       |                                                              [01;31m[K^~~~[m[K
[1.256s] [01m[K/home/w0x7ce/Desktop/d2lros2/chapt3/chapt3_ws/src/example_service_rclcpp/src/service_client_01.cpp:[m[K At global scope:
[1.256s] [01m[K/home/w0x7ce/Desktop/d2lros2/chapt3/chapt3_ws/src/example_service_rclcpp/src/service_client_01.cpp:37:1:[m[K [01;31m[Kerror: [m[Kexpected unqualified-id before â€˜[01m[Kprivate[m[Kâ€™
[1.256s]    37 | [01;31m[Kprivate[m[K:
[1.256s]       | [01;31m[K^~~~~~~[m[K
[1.256s] [01m[K/home/w0x7ce/Desktop/d2lros2/chapt3/chapt3_ws/src/example_service_rclcpp/src/service_client_01.cpp:41:8:[m[K [01;31m[Kerror: [m[Kvariable or field â€˜[01m[Kresult_callback_[m[Kâ€™ declared void
[1.256s]    41 |   void [01;31m[Kresult_callback_[m[K(
[1.256s]       |        [01;31m[K^~~~~~~~~~~~~~~~[m[K
[1.256s] [01m[K/home/w0x7ce/Desktop/d2lros2/chapt3/chapt3_ws/src/example_service_rclcpp/src/service_client_01.cpp:42:5:[m[K [01;31m[Kerror: [m[Kâ€˜[01m[Krclcpp[m[Kâ€™ has not been declared
[1.256s]    42 |     [01;31m[Krclcpp[m[K::Client<example_interfaces::srv::AddTwoInts>::SharedFuture
[1.256s]       |     [01;31m[K^~~~~~[m[K
[1.256s] [01m[K/home/w0x7ce/Desktop/d2lros2/chapt3/chapt3_ws/src/example_service_rclcpp/src/service_client_01.cpp:42:55:[m[K [01;31m[Kerror: [m[Kexpected primary-expression before â€˜[01m[K>[m[Kâ€™ token
[1.256s]    42 |     rclcpp::Client<example_interfaces::srv::AddTwoInts[01;31m[K>[m[K::SharedFuture
[1.256s]       |                                                       [01;31m[K^[m[K
[1.257s] [01m[K/home/w0x7ce/Desktop/d2lros2/chapt3/chapt3_ws/src/example_service_rclcpp/src/service_client_01.cpp:42:58:[m[K [01;31m[Kerror: [m[Kâ€˜[01m[K::SharedFuture[m[Kâ€™ has not been declared
[1.257s]    42 |     rclcpp::Client<example_interfaces::srv::AddTwoInts>::[01;31m[KSharedFuture[m[K
[1.257s]       |                                                          [01;31m[K^~~~~~~~~~~~[m[K
[1.257s] [01m[K/home/w0x7ce/Desktop/d2lros2/chapt3/chapt3_ws/src/example_service_rclcpp/src/service_client_01.cpp:47:1:[m[K [01;31m[Kerror: [m[Kexpected declaration before â€˜[01m[K}[m[Kâ€™ token
[1.257s]    47 | [01;31m[K}[m[K;
[1.257s]       | [01;31m[K^[m[K
[1.257s] [01m[K/home/w0x7ce/Desktop/d2lros2/chapt3/chapt3_ws/src/example_service_rclcpp/src/service_client_01.cpp:[m[K In function â€˜[01m[Kint main(int, char**)[m[Kâ€™:
[1.257s] [01m[K/home/w0x7ce/Desktop/d2lros2/chapt3/chapt3_ws/src/example_service_rclcpp/src/service_client_01.cpp:51:3:[m[K [01;31m[Kerror: [m[Kâ€˜[01m[Krclcpp[m[Kâ€™ has not been declared
[1.257s]    51 |   [01;31m[Krclcpp[m[K::init(argc, argv);
[1.257s]       |   [01;31m[K^~~~~~[m[K
[1.258s] [01m[K/home/w0x7ce/Desktop/d2lros2/chapt3/chapt3_ws/src/example_service_rclcpp/src/service_client_01.cpp:56:3:[m[K [01;31m[Kerror: [m[Kâ€˜[01m[Krclcpp[m[Kâ€™ has not been declared
[1.258s]    56 |   [01;31m[Krclcpp[m[K::spin(node);
[1.258s]       |   [01;31m[K^~~~~~[m[K
[1.258s] [01m[K/home/w0x7ce/Desktop/d2lros2/chapt3/chapt3_ws/src/example_service_rclcpp/src/service_client_01.cpp:57:3:[m[K [01;31m[Kerror: [m[Kâ€˜[01m[Krclcpp[m[Kâ€™ has not been declared
[1.258s]    57 |   [01;31m[Krclcpp[m[K::shutdown();
[1.258s]       |   [01;31m[K^~~~~~[m[K
[1.293s] In file included from [01m[K/usr/include/c++/11/unordered_map:42[m[K,
[1.293s]                  from [01m[K/usr/include/c++/11/functional:61[m[K,
[1.293s]                  from [01m[K/usr/include/c++/11/pstl/glue_algorithm_defs.h:13[m[K,
[1.293s]                  from [01m[K/usr/include/c++/11/algorithm:74[m[K,
[1.293s]                  from [01m[K/opt/ros/humble/include/example_interfaces/example_interfaces/srv/detail/add_two_ints__struct.hpp:8[m[K,
[1.293s]                  from [01m[K/opt/ros/humble/include/example_interfaces/example_interfaces/srv/add_two_ints.hpp:7[m[K,
[1.293s]                  from [01m[K/home/w0x7ce/Desktop/d2lros2/chapt3/chapt3_ws/src/example_service_rclcpp/src/service_client_01.cpp:1[m[K:
[1.293s] /usr/include/c++/11/ext/aligned_buffer.h: In instantiation of â€˜[01m[Kstruct __gnu_cxx::__aligned_buffer<ServiceClient01>[m[Kâ€™:
[1.294s] [01m[K/usr/include/c++/11/bits/shared_ptr_base.h:506:35:[m[K   required from â€˜[01m[Kclass std::_Sp_counted_ptr_inplace<ServiceClient01, std::allocator<ServiceClient01>, __gnu_cxx::_S_atomic>::_Impl[m[Kâ€™
[1.294s] [01m[K/usr/include/c++/11/bits/shared_ptr_base.h:567:13:[m[K   required from â€˜[01m[Kclass std::_Sp_counted_ptr_inplace<ServiceClient01, std::allocator<ServiceClient01>, __gnu_cxx::_S_atomic>[m[Kâ€™
[1.294s] [01m[K/usr/include/c++/11/bits/shared_ptr_base.h:647:43:[m[K   required from â€˜[01m[Kstd::__shared_count<_Lp>::__shared_count(_Tp*&, std::_Sp_alloc_shared_tag<_Alloc>, _Args&& ...) [with _Tp = ServiceClient01; _Alloc = std::allocator<ServiceClient01>; _Args = {const char (&)[18]}; __gnu_cxx::_Lock_policy _Lp = __gnu_cxx::_S_atomic][m[Kâ€™
[1.294s] [01m[K/usr/include/c++/11/bits/shared_ptr_base.h:1342:14:[m[K   required from â€˜[01m[Kstd::__shared_ptr<_Tp, _Lp>::__shared_ptr(std::_Sp_alloc_shared_tag<_Tp>, _Args&& ...) [with _Alloc = std::allocator<ServiceClient01>; _Args = {const char (&)[18]}; _Tp = ServiceClient01; __gnu_cxx::_Lock_policy _Lp = __gnu_cxx::_S_atomic][m[Kâ€™
[1.294s] [01m[K/usr/include/c++/11/bits/shared_ptr.h:409:59:[m[K   required from â€˜[01m[Kstd::shared_ptr<_Tp>::shared_ptr(std::_Sp_alloc_shared_tag<_Tp>, _Args&& ...) [with _Alloc = std::allocator<ServiceClient01>; _Args = {const char (&)[18]}; _Tp = ServiceClient01][m[Kâ€™
[1.294s] [01m[K/usr/include/c++/11/bits/shared_ptr.h:862:14:[m[K   required from â€˜[01m[Kstd::shared_ptr<_Tp> std::allocate_shared(const _Alloc&, _Args&& ...) [with _Tp = ServiceClient01; _Alloc = std::allocator<ServiceClient01>; _Args = {const char (&)[18]}][m[Kâ€™
[1.294s] [01m[K/usr/include/c++/11/bits/shared_ptr.h:878:39:[m[K   required from â€˜[01m[Kstd::shared_ptr<_Tp> std::make_shared(_Args&& ...) [with _Tp = ServiceClient01; _Args = {const char (&)[18]}][m[Kâ€™
[1.294s] [01m[K/home/w0x7ce/Desktop/d2lros2/chapt3/chapt3_ws/src/example_service_rclcpp/src/service_client_01.cpp:53:48:[m[K   required from here
[1.294s] [01m[K/usr/include/c++/11/ext/aligned_buffer.h:91:28:[m[K [01;31m[Kerror: [m[Kinvalid application of â€˜[01m[Ksizeof[m[Kâ€™ to incomplete type â€˜[01m[KServiceClient01[m[Kâ€™
[1.294s]    91 |     : std::aligned_storage<[01;31m[Ksizeof(_Tp)[m[K, __alignof__(_Tp)>
[1.294s]       |                            [01;31m[K^~~~~~~~~~~[m[K
[1.294s] [01m[K/usr/include/c++/11/ext/aligned_buffer.h:91:28:[m[K [01;31m[Kerror: [m[Kinvalid application of â€˜[01m[Ksizeof[m[Kâ€™ to incomplete type â€˜[01m[KServiceClient01[m[Kâ€™
[1.309s] gmake[2]: *** [CMakeFiles/service_client_01.dir/build.make:76: CMakeFiles/service_client_01.dir/src/service_client_01.cpp.o] Error 1
[1.309s] gmake[1]: *** [CMakeFiles/Makefile2:139: CMakeFiles/service_client_01.dir/all] Error 2
[1.310s] gmake: *** [Makefile:146: all] Error 2
[1.312s] Invoked command in '/home/w0x7ce/Desktop/d2lros2/chapt3/chapt3_ws/build/example_service_rclcpp' returned '2': CMAKE_PREFIX_PATH=${CMAKE_PREFIX_PATH}:/opt/ros/humble /usr/bin/cmake --build /home/w0x7ce/Desktop/d2lros2/chapt3/chapt3_ws/build/example_service_rclcpp -- -j4 -l4
