[0.010s] Invoking command in '/home/w0x7ce/Desktop/d2lros2/chapt3/chapt3_ws/build/example_topic_rclcpp': CMAKE_PREFIX_PATH=${CMAKE_PREFIX_PATH}:/opt/ros/humble /usr/bin/cmake /home/w0x7ce/Desktop/d2lros2/chapt3/chapt3_ws/src/example_topic_rclcpp -DCMAKE_INSTALL_PREFIX=/home/w0x7ce/Desktop/d2lros2/chapt3/chapt3_ws/install/example_topic_rclcpp
[0.061s] -- The C compiler identification is GNU 11.2.0
[0.103s] -- The CXX compiler identification is GNU 11.2.0
[0.107s] -- Detecting C compiler ABI info
[0.154s] -- Detecting C compiler ABI info - done
[0.159s] -- Check for working C compiler: /usr/bin/cc - skipped
[0.160s] -- Detecting C compile features
[0.160s] -- Detecting C compile features - done
[0.162s] -- Detecting CXX compiler ABI info
[0.225s] -- Detecting CXX compiler ABI info - done
[0.230s] -- Check for working CXX compiler: /usr/bin/c++ - skipped
[0.230s] -- Detecting CXX compile features
[0.231s] -- Detecting CXX compile features - done
[0.232s] -- Found ament_cmake: 1.3.2 (/opt/ros/humble/share/ament_cmake/cmake)
[0.345s] -- Found Python3: /usr/bin/python3.10 (found version "3.10.6") found components: Interpreter 
[0.395s] -- Found rclcpp: 16.0.1 (/opt/ros/humble/share/rclcpp/cmake)
[0.427s] -- Found rosidl_generator_c: 3.1.3 (/opt/ros/humble/share/rosidl_generator_c/cmake)
[0.429s] -- Found rosidl_adapter: 3.1.3 (/opt/ros/humble/share/rosidl_adapter/cmake)
[0.434s] -- Found rosidl_generator_cpp: 3.1.3 (/opt/ros/humble/share/rosidl_generator_cpp/cmake)
[0.442s] -- Using all available rosidl_typesupport_c: rosidl_typesupport_fastrtps_c;rosidl_typesupport_introspection_c
[0.454s] -- Using all available rosidl_typesupport_cpp: rosidl_typesupport_fastrtps_cpp;rosidl_typesupport_introspection_cpp
[0.494s] -- Found rmw_implementation_cmake: 6.1.0 (/opt/ros/humble/share/rmw_implementation_cmake/cmake)
[0.496s] -- Found rmw_fastrtps_cpp: 6.2.1 (/opt/ros/humble/share/rmw_fastrtps_cpp/cmake)
[0.559s] -- Found OpenSSL: /usr/lib/x86_64-linux-gnu/libcrypto.so (found version "3.0.2")  
[0.575s] -- Found FastRTPS: /opt/ros/humble/include  
[0.602s] -- Using RMW implementation 'rmw_fastrtps_cpp' as default
[0.703s] -- Found ament_lint_auto: 0.12.4 (/opt/ros/humble/share/ament_lint_auto/cmake)
[0.754s] -- Added test 'cppcheck' to perform static code analysis on C / C++ code
[0.754s] -- Configured cppcheck include dirs: 
[0.754s] -- Configured cppcheck exclude dirs and/or files: 
[0.754s] -- Added test 'lint_cmake' to check CMake code style
[0.755s] -- Added test 'uncrustify' to check C / C++ code style
[0.755s] -- Configured uncrustify additional arguments: 
[0.755s] -- Added test 'xmllint' to check XML markup files
[0.756s] -- Configuring done
[0.762s] -- Generating done
[0.763s] -- Build files have been written to: /home/w0x7ce/Desktop/d2lros2/chapt3/chapt3_ws/build/example_topic_rclcpp
[0.773s] Invoked command in '/home/w0x7ce/Desktop/d2lros2/chapt3/chapt3_ws/build/example_topic_rclcpp' returned '0': CMAKE_PREFIX_PATH=${CMAKE_PREFIX_PATH}:/opt/ros/humble /usr/bin/cmake /home/w0x7ce/Desktop/d2lros2/chapt3/chapt3_ws/src/example_topic_rclcpp -DCMAKE_INSTALL_PREFIX=/home/w0x7ce/Desktop/d2lros2/chapt3/chapt3_ws/install/example_topic_rclcpp
[0.773s] Invoking command in '/home/w0x7ce/Desktop/d2lros2/chapt3/chapt3_ws/build/example_topic_rclcpp': CMAKE_PREFIX_PATH=${CMAKE_PREFIX_PATH}:/opt/ros/humble /usr/bin/cmake --build /home/w0x7ce/Desktop/d2lros2/chapt3/chapt3_ws/build/example_topic_rclcpp -- -j2 -l2
[0.806s] [ 50%] [32mBuilding CXX object CMakeFiles/topic_publisher_01.dir/src/topic_publisher_01.cpp.o[0m
[0.937s] [01m[K/home/w0x7ce/Desktop/d2lros2/chapt3/chapt3_ws/src/example_topic_rclcpp/src/topic_publisher_01.cpp:2:10:[m[K [01;31m[Kfatal error: [m[Kstd_msgs/msg/string.hpp: No such file or directory
[0.937s]     2 | #include [01;31m[K"std_msgs/msg/string.hpp"[m[K
[0.937s]       |          [01;31m[K^~~~~~~~~~~~~~~~~~~~~~~~~[m[K
[0.937s] compilation terminated.
[0.939s] gmake[2]: *** [CMakeFiles/topic_publisher_01.dir/build.make:76: CMakeFiles/topic_publisher_01.dir/src/topic_publisher_01.cpp.o] Error 1
[0.939s] gmake[1]: *** [CMakeFiles/Makefile2:137: CMakeFiles/topic_publisher_01.dir/all] Error 2
[0.939s] gmake: *** [Makefile:146: all] Error 2
[0.941s] Invoked command in '/home/w0x7ce/Desktop/d2lros2/chapt3/chapt3_ws/build/example_topic_rclcpp' returned '2': CMAKE_PREFIX_PATH=${CMAKE_PREFIX_PATH}:/opt/ros/humble /usr/bin/cmake --build /home/w0x7ce/Desktop/d2lros2/chapt3/chapt3_ws/build/example_topic_rclcpp -- -j2 -l2
