<?xml version="1.0" encoding="utf-8"?><testsuites><testsuite name="pytest" errors="0" failures="0" skipped="0" tests="3" time="0.425" timestamp="2022-10-09T14:24:15.831116" hostname="ubuntu22"><testcase classname="examples_rclpy_executors.executors.test.test_copyright" name="test_copyright" time="0.152" /><testcase classname="examples_rclpy_executors.executors.test.test_flake8" name="test_flake8" time="0.123" /><testcase classname="examples_rclpy_executors.executors.test.test_pep257" name="test_pep257" time="0.038" /></testsuite></testsuites>