[0.000000] (-) TimerEvent: {}
[0.000278] (cpp_pubsub) JobQueued: {'identifier': 'cpp_pubsub', 'dependencies': OrderedDict()}
[0.000360] (cpp_pubsub) JobStarted: {'identifier': 'cpp_pubsub'}
[0.024351] (cpp_pubsub) JobProgress: {'identifier': 'cpp_pubsub', 'progress': 'cmake'}
[0.025038] (cpp_pubsub) JobProgress: {'identifier': 'cpp_pubsub', 'progress': 'build'}
[0.025787] (cpp_pubsub) Command: {'cmd': ['/usr/bin/cmake', '--build', '/home/w0x7ce/Desktop/d2lros2/chapt3/cpp_pubsub/build/cpp_pubsub', '--', '-j4', '-l4'], 'cwd': '/home/w0x7ce/Desktop/d2lros2/chapt3/cpp_pubsub/build/cpp_pubsub', 'env': OrderedDict([('LESSOPEN', '| /usr/bin/lesspipe %s'), ('CONDA_PROMPT_MODIFIER', '(base)'), ('USER', 'w0x7ce'), ('SSH_CLIENT', '192.168.7.170 48156 22'), ('LC_TIME', 'zh_TW.UTF-8'), ('XDG_SESSION_TYPE', 'tty'), ('GIT_ASKPASS', '/home/w0x7ce/.vscode-server/bin/d045a5eda657f4d7b676dedbfa7aab8207f8a075/extensions/git/dist/askpass.sh'), ('SHLVL', '1'), ('LD_LIBRARY_PATH', '/opt/ros/humble/opt/rviz_ogre_vendor/lib:/opt/ros/humble/lib/x86_64-linux-gnu:/opt/ros/humble/lib'), ('BROWSER', '/home/w0x7ce/.vscode-server/bin/d045a5eda657f4d7b676dedbfa7aab8207f8a075/bin/helpers/browser.sh'), ('MOTD_SHOWN', 'pam'), ('HOME', '/home/w0x7ce'), ('CONDA_SHLVL', '1'), ('OLDPWD', '/home/w0x7ce/Desktop/d2lros2/chapt3'), ('TERM_PROGRAM_VERSION', '1.72.2'), ('VSCODE_IPC_HOOK_CLI', '/run/user/1000/vscode-ipc-5896e08b-a420-490e-b96c-45140944a2e5.sock'), ('ROS_PYTHON_VERSION', '3'), ('VSCODE_GIT_ASKPASS_MAIN', '/home/w0x7ce/.vscode-server/bin/d045a5eda657f4d7b676dedbfa7aab8207f8a075/extensions/git/dist/askpass-main.js'), ('LC_MONETARY', 'zh_TW.UTF-8'), ('VSCODE_GIT_ASKPASS_NODE', '/home/w0x7ce/.vscode-server/bin/d045a5eda657f4d7b676dedbfa7aab8207f8a075/node'), ('DBUS_SESSION_BUS_ADDRESS', 'unix:path=/run/user/1000/bus'), ('COLORTERM', 'truecolor'), ('_CE_M', ''), ('ROS_DISTRO', 'humble'), ('LOGNAME', 'w0x7ce'), ('_', '/home/w0x7ce/anaconda3/bin/colcon'), ('ROS_VERSION', '2'), ('XDG_SESSION_CLASS', 'user'), ('TERM', 'xterm-256color'), ('XDG_SESSION_ID', '227'), ('_CE_CONDA', ''), ('ROS_LOCALHOST_ONLY', '0'), ('PATH', '/opt/ros/humble/bin:/home/w0x7ce/anaconda3/bin:/home/w0x7ce/anaconda3/condabin:/home/w0x7ce/.vscode-server/bin/d045a5eda657f4d7b676dedbfa7aab8207f8a075/bin/remote-cli:/usr/local/sbin:/usr/local/bin:/usr/sbin:/usr/bin:/sbin:/bin:/usr/games:/usr/local/games:/snap/bin'), ('LC_ADDRESS', 'zh_TW.UTF-8'), ('XDG_RUNTIME_DIR', '/run/user/1000'), ('LANG', 'en_US.UTF-8'), ('LC_TELEPHONE', 'zh_TW.UTF-8'), ('LS_COLORS', 'rs=0:di=01;34:ln=01;36:mh=00:pi=40;33:so=01;35:do=01;35:bd=40;33;01:cd=40;33;01:or=40;31;01:mi=00:su=37;41:sg=30;43:ca=30;41:tw=30;42:ow=34;42:st=37;44:ex=01;32:*.tar=01;31:*.tgz=01;31:*.arc=01;31:*.arj=01;31:*.taz=01;31:*.lha=01;31:*.lz4=01;31:*.lzh=01;31:*.lzma=01;31:*.tlz=01;31:*.txz=01;31:*.tzo=01;31:*.t7z=01;31:*.zip=01;31:*.z=01;31:*.dz=01;31:*.gz=01;31:*.lrz=01;31:*.lz=01;31:*.lzo=01;31:*.xz=01;31:*.zst=01;31:*.tzst=01;31:*.bz2=01;31:*.bz=01;31:*.tbz=01;31:*.tbz2=01;31:*.tz=01;31:*.deb=01;31:*.rpm=01;31:*.jar=01;31:*.war=01;31:*.ear=01;31:*.sar=01;31:*.rar=01;31:*.alz=01;31:*.ace=01;31:*.zoo=01;31:*.cpio=01;31:*.7z=01;31:*.rz=01;31:*.cab=01;31:*.wim=01;31:*.swm=01;31:*.dwm=01;31:*.esd=01;31:*.jpg=01;35:*.jpeg=01;35:*.mjpg=01;35:*.mjpeg=01;35:*.gif=01;35:*.bmp=01;35:*.pbm=01;35:*.pgm=01;35:*.ppm=01;35:*.tga=01;35:*.xbm=01;35:*.xpm=01;35:*.tif=01;35:*.tiff=01;35:*.png=01;35:*.svg=01;35:*.svgz=01;35:*.mng=01;35:*.pcx=01;35:*.mov=01;35:*.mpg=01;35:*.mpeg=01;35:*.m2v=01;35:*.mkv=01;35:*.webm=01;35:*.webp=01;35:*.ogm=01;35:*.mp4=01;35:*.m4v=01;35:*.mp4v=01;35:*.vob=01;35:*.qt=01;35:*.nuv=01;35:*.wmv=01;35:*.asf=01;35:*.rm=01;35:*.rmvb=01;35:*.flc=01;35:*.avi=01;35:*.fli=01;35:*.flv=01;35:*.gl=01;35:*.dl=01;35:*.xcf=01;35:*.xwd=01;35:*.yuv=01;35:*.cgm=01;35:*.emf=01;35:*.ogv=01;35:*.ogx=01;35:*.aac=00;36:*.au=00;36:*.flac=00;36:*.m4a=00;36:*.mid=00;36:*.midi=00;36:*.mka=00;36:*.mp3=00;36:*.mpc=00;36:*.ogg=00;36:*.ra=00;36:*.wav=00;36:*.oga=00;36:*.opus=00;36:*.spx=00;36:*.xspf=00;36:'), ('VSCODE_GIT_IPC_HANDLE', '/run/user/1000/vscode-git-414cb7fe8a.sock'), ('TERM_PROGRAM', 'vscode'), ('AMENT_PREFIX_PATH', '/opt/ros/humble'), ('CONDA_PYTHON_EXE', '/home/w0x7ce/anaconda3/bin/python'), ('SHELL', '/bin/bash'), ('LC_NAME', 'zh_TW.UTF-8'), ('LESSCLOSE', '/usr/bin/lesspipe %s %s'), ('CONDA_DEFAULT_ENV', 'base'), ('LC_MEASUREMENT', 'zh_TW.UTF-8'), ('LC_IDENTIFICATION', 'zh_TW.UTF-8'), ('VSCODE_GIT_ASKPASS_EXTRA_ARGS', ''), ('PWD', '/home/w0x7ce/Desktop/d2lros2/chapt3/cpp_pubsub/build/cpp_pubsub'), ('LC_ALL', 'en_US.UTF-8'), ('CONDA_EXE', '/home/w0x7ce/anaconda3/bin/conda'), ('SSH_CONNECTION', '192.168.7.170 48156 192.168.7.84 22'), ('PYTHONPATH', '/opt/ros/humble/lib/python3.10/site-packages:/opt/ros/humble/local/lib/python3.10/dist-packages'), ('LC_NUMERIC', 'zh_TW.UTF-8'), ('CONDA_PREFIX', '/home/w0x7ce/anaconda3'), ('LC_PAPER', 'zh_TW.UTF-8'), ('COLCON', '1')]), 'shell': False}
[0.048108] (cpp_pubsub) StdoutLine: {'line': b'-- Found ament_cmake: 1.3.2 (/opt/ros/humble/share/ament_cmake/cmake)\n'}
[0.097940] (-) TimerEvent: {}
[0.177798] (cpp_pubsub) StdoutLine: {'line': b'-- Found ament_lint_auto: 0.12.4 (/opt/ros/humble/share/ament_lint_auto/cmake)\n'}
[0.198058] (-) TimerEvent: {}
[0.223315] (cpp_pubsub) StderrLine: {'line': b"Error parsing '/home/w0x7ce/Desktop/d2lros2/chapt3/cpp_pubsub/package.xml':\n"}
[0.298204] (-) TimerEvent: {}
[0.391141] (cpp_pubsub) StderrLine: {'line': b'Traceback (most recent call last):\n'}
[0.391385] (cpp_pubsub) StderrLine: {'line': b'  File "/opt/ros/humble/share/ament_cmake_core/cmake/core/package_xml_2_cmake.py", line 150, in <module>\n'}
[0.391515] (cpp_pubsub) StderrLine: {'line': b'    main()\n'}
[0.391625] (cpp_pubsub) StderrLine: {'line': b'  File "/opt/ros/humble/share/ament_cmake_core/cmake/core/package_xml_2_cmake.py", line 53, in main\n'}
[0.391795] (cpp_pubsub) StderrLine: {'line': b'    raise e\n'}
[0.391906] (cpp_pubsub) StderrLine: {'line': b'  File "/opt/ros/humble/share/ament_cmake_core/cmake/core/package_xml_2_cmake.py", line 49, in main\n'}
[0.392014] (cpp_pubsub) StderrLine: {'line': b'    package = parse_package_string(\n'}
[0.392116] (cpp_pubsub) StderrLine: {'line': b'  File "/usr/lib/python3/dist-packages/catkin_pkg/package.py", line 639, in parse_package_string\n'}
[0.398323] (-) TimerEvent: {}
[0.431301] (cpp_pubsub) StderrLine: {'line': b"    pkg.description = _get_node_value(_get_node(root, 'description', filename), allow_xml=True, apply_str=False)\n"}
[0.431964] (cpp_pubsub) StderrLine: {'line': b'  File "/usr/lib/python3/dist-packages/catkin_pkg/package.py", line 800, in _get_node\n'}
[0.432228] (cpp_pubsub) StderrLine: {'line': b'    raise InvalidPackage(\'The manifest must contain exactly one "%s" tag\' % tagname, filename)\n'}
[0.432463] (cpp_pubsub) StderrLine: {'line': b"catkin_pkg.package.InvalidPackage: Error(s) in package '/home/w0x7ce/Desktop/d2lros2/chapt3/cpp_pubsub/package.xml':\n"}
[0.432694] (cpp_pubsub) StderrLine: {'line': b'The manifest must contain exactly one "description" tag\n'}
[0.464881] (cpp_pubsub) StderrLine: {'line': b'\x1b[31mCMake Error at /opt/ros/humble/share/ament_cmake_core/cmake/core/ament_package_xml.cmake:95 (message):\n'}
[0.465271] (cpp_pubsub) StderrLine: {'line': b'  execute_process(/usr/bin/python3.10\n'}
[0.465483] (cpp_pubsub) StderrLine: {'line': b'  /opt/ros/humble/share/ament_cmake_core/cmake/core/package_xml_2_cmake.py\n'}
[0.465614] (cpp_pubsub) StderrLine: {'line': b'  /home/w0x7ce/Desktop/d2lros2/chapt3/cpp_pubsub/package.xml\n'}
[0.465737] (cpp_pubsub) StderrLine: {'line': b'  /home/w0x7ce/Desktop/d2lros2/chapt3/cpp_pubsub/build/cpp_pubsub/ament_cmake_core/package.cmake)\n'}
[0.465858] (cpp_pubsub) StderrLine: {'line': b'  returned error code 1\n'}
[0.465978] (cpp_pubsub) StderrLine: {'line': b'Call Stack (most recent call first):\n'}
[0.466097] (cpp_pubsub) StderrLine: {'line': b'  /opt/ros/humble/share/ament_cmake_core/cmake/core/ament_package_xml.cmake:49 (_ament_package_xml)\n'}
[0.466216] (cpp_pubsub) StderrLine: {'line': b'  /opt/ros/humble/share/ament_lint_auto/cmake/ament_lint_auto_find_test_dependencies.cmake:31 (ament_package_xml)\n'}
[0.466334] (cpp_pubsub) StderrLine: {'line': b'  CMakeLists.txt:23 (ament_lint_auto_find_test_dependencies)\n'}
[0.466464] (cpp_pubsub) StderrLine: {'line': b'\n'}
[0.466584] (cpp_pubsub) StderrLine: {'line': b'\x1b[0m\n'}
[0.466701] (cpp_pubsub) StdoutLine: {'line': b'-- Configuring incomplete, errors occurred!\n'}
[0.466827] (cpp_pubsub) StdoutLine: {'line': b'See also "/home/w0x7ce/Desktop/d2lros2/chapt3/cpp_pubsub/build/cpp_pubsub/CMakeFiles/CMakeOutput.log".\n'}
[0.468573] (cpp_pubsub) StderrLine: {'line': b'gmake: *** [Makefile:226: cmake_check_build_system] Error 1\n'}
[0.471106] (cpp_pubsub) CommandEnded: {'returncode': 2}
[0.471744] (cpp_pubsub) JobEnded: {'identifier': 'cpp_pubsub', 'rc': 2}
[0.481799] (-) EventReactorShutdown: {}
