[0.016s] Invoking command in '/home/w0x7ce/Desktop/d2lros2/chapt3/chapt3_ws/build/example_service_rclcpp': CMAKE_PREFIX_PATH=${CMAKE_PREFIX_PATH}:/opt/ros/humble /usr/bin/cmake --build /home/w0x7ce/Desktop/d2lros2/chapt3/chapt3_ws/build/example_service_rclcpp -- -j4 -l4
[0.052s] [35m[1mConsolidate compiler generated dependencies of target service_client_01[0m
[0.052s] [35m[1mConsolidate compiler generated dependencies of target service_server_01[0m
[0.069s] [ 75%] [32mBuilding CXX object CMakeFiles/service_client_01.dir/src/service_client_01.cpp.o[0m
[0.069s] [ 75%] Built target service_server_01
[2.206s] [01m[K/home/w0x7ce/Desktop/d2lros2/chapt3/chapt3_ws/src/example_service_rclcpp/src/service_client_01.cpp:[m[K In function â€˜[01m[Kint main(int, char**)[m[Kâ€™:
[2.206s] [01m[K/home/w0x7ce/Desktop/d2lros2/chapt3/chapt3_ws/src/example_service_rclcpp/src/service_client_01.cpp:18:9:[m[K [01;31m[Kerror: [m[Kâ€˜[01m[Kusing element_type = class ServiceClient01[m[Kâ€™ {aka â€˜[01m[Kclass ServiceClient01[m[Kâ€™} has no member named â€˜[01m[Ksend_request[m[Kâ€™
[2.206s]    18 |   node->[01;31m[Ksend_request[m[K(5, 6);
[2.206s]       |         [01;31m[K^~~~~~~~~~~~[m[K
[2.617s] gmake[2]: *** [CMakeFiles/service_client_01.dir/build.make:76: CMakeFiles/service_client_01.dir/src/service_client_01.cpp.o] Error 1
[2.617s] gmake[1]: *** [CMakeFiles/Makefile2:139: CMakeFiles/service_client_01.dir/all] Error 2
[2.617s] gmake: *** [Makefile:146: all] Error 2
[2.619s] Invoked command in '/home/w0x7ce/Desktop/d2lros2/chapt3/chapt3_ws/build/example_service_rclcpp' returned '2': CMAKE_PREFIX_PATH=${CMAKE_PREFIX_PATH}:/opt/ros/humble /usr/bin/cmake --build /home/w0x7ce/Desktop/d2lros2/chapt3/chapt3_ws/build/example_service_rclcpp -- -j4 -l4
